ARM GAS  C:\Users\Admin\AppData\Local\Temp\ccBnxMa3.s 			page 1


   1              		.syntax unified
   2              		.cpu cortex-m3
   3              		.fpu softvfp
   4              		.eabi_attribute 20, 1
   5              		.eabi_attribute 21, 1
   6              		.eabi_attribute 23, 3
   7              		.eabi_attribute 24, 1
   8              		.eabi_attribute 25, 1
   9              		.eabi_attribute 26, 1
  10              		.eabi_attribute 30, 1
  11              		.eabi_attribute 34, 1
  12              		.eabi_attribute 18, 4
  13              		.thumb
  14              		.syntax unified
  15              		.file	"main.c"
  16              		.text
  17              	.Ltext0:
  18              		.cfi_sections	.debug_frame
  19              		.section	.text.main,"ax",%progbits
  20              		.align	2
  21              		.global	main
  22              		.thumb
  23              		.thumb_func
  24              		.type	main, %function
  25              	main:
  26              	.LFB63:
  27              		.file 1 "main.c"
   1:main.c        **** /* ========================================
   2:main.c        ****  *
   3:main.c        ****  * Copyright YOUR COMPANY, THE YEAR
   4:main.c        ****  * All Rights Reserved
   5:main.c        ****  * UNPUBLISHED, LICENSED SOFTWARE.
   6:main.c        ****  *
   7:main.c        ****  * CONFIDENTIAL AND PROPRIETARY INFORMATION
   8:main.c        ****  * WHICH IS THE PROPERTY OF your company.
   9:main.c        ****  *
  10:main.c        ****  * ========================================
  11:main.c        **** */
  12:main.c        **** #include "project.h"
  13:main.c        **** 
  14:main.c        **** int main(void)
  15:main.c        **** {
  28              		.loc 1 15 0
  29              		.cfi_startproc
  30              		@ args = 0, pretend = 0, frame = 0
  31              		@ frame_needed = 0, uses_anonymous_args = 0
  32 0000 08B5     		push	{r3, lr}
  33              		.cfi_def_cfa_offset 8
  34              		.cfi_offset 3, -8
  35              		.cfi_offset 14, -4
  16:main.c        ****     CyGlobalIntEnable; /* Enable global interrupts. */
  36              		.loc 1 16 0
  37              		.syntax unified
  38              	@ 16 "main.c" 1
  39 0002 62B6     		CPSIE   i
  40              	@ 0 "" 2
  17:main.c        ****     UART_1_Start();
ARM GAS  C:\Users\Admin\AppData\Local\Temp\ccBnxMa3.s 			page 2


  41              		.loc 1 17 0
  42              		.thumb
  43              		.syntax unified
  44 0004 FFF7FEFF 		bl	UART_1_Start
  45              	.LVL0:
  46              	.L2:
  18:main.c        ****     char buf;
  19:main.c        ****     /* Place your initialization/startup code here (e.g. MyInst_Start()) */
  20:main.c        **** 
  21:main.c        ****     for(;;)
  22:main.c        ****     {
  23:main.c        ****         buf = UART_1_GetChar();
  47              		.loc 1 23 0
  48 0008 FFF7FEFF 		bl	UART_1_GetChar
  49              	.LVL1:
  24:main.c        ****         if(0u != buf)
  50              		.loc 1 24 0
  51 000c 0028     		cmp	r0, #0
  52 000e FBD0     		beq	.L2
  25:main.c        ****         {
  26:main.c        ****         UART_1_PutCRLF(buf);
  53              		.loc 1 26 0
  54 0010 FFF7FEFF 		bl	UART_1_PutCRLF
  55              	.LVL2:
  56 0014 F8E7     		b	.L2
  57              		.cfi_endproc
  58              	.LFE63:
  59              		.size	main, .-main
  60 0016 00BF     		.text
  61              	.Letext0:
  62              		.file 2 "c:\\program files (x86)\\cypress\\psoc creator\\4.3\\psoc creator\\import\\gnu\\arm\\5.4.
  63              		.file 3 "c:\\program files (x86)\\cypress\\psoc creator\\4.3\\psoc creator\\import\\gnu\\arm\\5.4.
  64              		.file 4 "Generated_Source\\PSoC5/UART_1.h"
  65              		.file 5 "Generated_Source\\PSoC5/core_cm3.h"
  66              		.section	.debug_info,"",%progbits
  67              	.Ldebug_info0:
  68 0000 17010000 		.4byte	0x117
  69 0004 0400     		.2byte	0x4
  70 0006 00000000 		.4byte	.Ldebug_abbrev0
  71 000a 04       		.byte	0x4
  72 000b 01       		.uleb128 0x1
  73 000c 3A000000 		.4byte	.LASF19
  74 0010 0C       		.byte	0xc
  75 0011 2E000000 		.4byte	.LASF20
  76 0015 1A010000 		.4byte	.LASF21
  77 0019 00000000 		.4byte	.Ldebug_ranges0+0
  78 001d 00000000 		.4byte	0
  79 0021 00000000 		.4byte	.Ldebug_line0
  80 0025 02       		.uleb128 0x2
  81 0026 01       		.byte	0x1
  82 0027 06       		.byte	0x6
  83 0028 5F010000 		.4byte	.LASF0
  84 002c 02       		.uleb128 0x2
  85 002d 01       		.byte	0x1
  86 002e 08       		.byte	0x8
  87 002f FE000000 		.4byte	.LASF1
  88 0033 02       		.uleb128 0x2
ARM GAS  C:\Users\Admin\AppData\Local\Temp\ccBnxMa3.s 			page 3


  89 0034 02       		.byte	0x2
  90 0035 05       		.byte	0x5
  91 0036 96010000 		.4byte	.LASF2
  92 003a 02       		.uleb128 0x2
  93 003b 02       		.byte	0x2
  94 003c 07       		.byte	0x7
  95 003d 0E000000 		.4byte	.LASF3
  96 0041 03       		.uleb128 0x3
  97 0042 77010000 		.4byte	.LASF9
  98 0046 02       		.byte	0x2
  99 0047 3F       		.byte	0x3f
 100 0048 4C000000 		.4byte	0x4c
 101 004c 02       		.uleb128 0x2
 102 004d 04       		.byte	0x4
 103 004e 05       		.byte	0x5
 104 004f 11010000 		.4byte	.LASF4
 105 0053 02       		.uleb128 0x2
 106 0054 04       		.byte	0x4
 107 0055 07       		.byte	0x7
 108 0056 C8000000 		.4byte	.LASF5
 109 005a 02       		.uleb128 0x2
 110 005b 08       		.byte	0x8
 111 005c 05       		.byte	0x5
 112 005d 00000000 		.4byte	.LASF6
 113 0061 02       		.uleb128 0x2
 114 0062 08       		.byte	0x8
 115 0063 07       		.byte	0x7
 116 0064 DA000000 		.4byte	.LASF7
 117 0068 04       		.uleb128 0x4
 118 0069 04       		.byte	0x4
 119 006a 05       		.byte	0x5
 120 006b 696E7400 		.ascii	"int\000"
 121 006f 02       		.uleb128 0x2
 122 0070 04       		.byte	0x4
 123 0071 07       		.byte	0x7
 124 0072 21000000 		.4byte	.LASF8
 125 0076 03       		.uleb128 0x3
 126 0077 A0010000 		.4byte	.LASF10
 127 007b 03       		.byte	0x3
 128 007c 2C       		.byte	0x2c
 129 007d 41000000 		.4byte	0x41
 130 0081 02       		.uleb128 0x2
 131 0082 04       		.byte	0x4
 132 0083 04       		.byte	0x4
 133 0084 81010000 		.4byte	.LASF11
 134 0088 02       		.uleb128 0x2
 135 0089 08       		.byte	0x8
 136 008a 04       		.byte	0x4
 137 008b 3C010000 		.4byte	.LASF12
 138 008f 02       		.uleb128 0x2
 139 0090 01       		.byte	0x1
 140 0091 08       		.byte	0x8
 141 0092 0C010000 		.4byte	.LASF13
 142 0096 02       		.uleb128 0x2
 143 0097 08       		.byte	0x8
 144 0098 04       		.byte	0x4
 145 0099 6B010000 		.4byte	.LASF14
ARM GAS  C:\Users\Admin\AppData\Local\Temp\ccBnxMa3.s 			page 4


 146 009d 02       		.uleb128 0x2
 147 009e 04       		.byte	0x4
 148 009f 07       		.byte	0x7
 149 00a0 A8010000 		.4byte	.LASF15
 150 00a4 05       		.uleb128 0x5
 151 00a5 35000000 		.4byte	.LASF22
 152 00a9 01       		.byte	0x1
 153 00aa 0E       		.byte	0xe
 154 00ab 68000000 		.4byte	0x68
 155 00af 00000000 		.4byte	.LFB63
 156 00b3 16000000 		.4byte	.LFE63-.LFB63
 157 00b7 01       		.uleb128 0x1
 158 00b8 9C       		.byte	0x9c
 159 00b9 E8000000 		.4byte	0xe8
 160 00bd 06       		.uleb128 0x6
 161 00be 62756600 		.ascii	"buf\000"
 162 00c2 01       		.byte	0x1
 163 00c3 12       		.byte	0x12
 164 00c4 8F000000 		.4byte	0x8f
 165 00c8 00000000 		.4byte	.LLST0
 166 00cc 07       		.uleb128 0x7
 167 00cd 08000000 		.4byte	.LVL0
 168 00d1 F9000000 		.4byte	0xf9
 169 00d5 07       		.uleb128 0x7
 170 00d6 0C000000 		.4byte	.LVL1
 171 00da 04010000 		.4byte	0x104
 172 00de 07       		.uleb128 0x7
 173 00df 14000000 		.4byte	.LVL2
 174 00e3 0F010000 		.4byte	0x10f
 175 00e7 00       		.byte	0
 176 00e8 08       		.uleb128 0x8
 177 00e9 52010000 		.4byte	.LASF23
 178 00ed 05       		.byte	0x5
 179 00ee 1207     		.2byte	0x712
 180 00f0 F4000000 		.4byte	0xf4
 181 00f4 09       		.uleb128 0x9
 182 00f5 76000000 		.4byte	0x76
 183 00f9 0A       		.uleb128 0xa
 184 00fa F1000000 		.4byte	.LASF16
 185 00fe F1000000 		.4byte	.LASF16
 186 0102 04       		.byte	0x4
 187 0103 54       		.byte	0x54
 188 0104 0A       		.uleb128 0xa
 189 0105 43010000 		.4byte	.LASF17
 190 0109 43010000 		.4byte	.LASF17
 191 010d 04       		.byte	0x4
 192 010e 71       		.byte	0x71
 193 010f 0A       		.uleb128 0xa
 194 0110 87010000 		.4byte	.LASF18
 195 0114 87010000 		.4byte	.LASF18
 196 0118 04       		.byte	0x4
 197 0119 8E       		.byte	0x8e
 198 011a 00       		.byte	0
 199              		.section	.debug_abbrev,"",%progbits
 200              	.Ldebug_abbrev0:
 201 0000 01       		.uleb128 0x1
 202 0001 11       		.uleb128 0x11
ARM GAS  C:\Users\Admin\AppData\Local\Temp\ccBnxMa3.s 			page 5


 203 0002 01       		.byte	0x1
 204 0003 25       		.uleb128 0x25
 205 0004 0E       		.uleb128 0xe
 206 0005 13       		.uleb128 0x13
 207 0006 0B       		.uleb128 0xb
 208 0007 03       		.uleb128 0x3
 209 0008 0E       		.uleb128 0xe
 210 0009 1B       		.uleb128 0x1b
 211 000a 0E       		.uleb128 0xe
 212 000b 55       		.uleb128 0x55
 213 000c 17       		.uleb128 0x17
 214 000d 11       		.uleb128 0x11
 215 000e 01       		.uleb128 0x1
 216 000f 10       		.uleb128 0x10
 217 0010 17       		.uleb128 0x17
 218 0011 00       		.byte	0
 219 0012 00       		.byte	0
 220 0013 02       		.uleb128 0x2
 221 0014 24       		.uleb128 0x24
 222 0015 00       		.byte	0
 223 0016 0B       		.uleb128 0xb
 224 0017 0B       		.uleb128 0xb
 225 0018 3E       		.uleb128 0x3e
 226 0019 0B       		.uleb128 0xb
 227 001a 03       		.uleb128 0x3
 228 001b 0E       		.uleb128 0xe
 229 001c 00       		.byte	0
 230 001d 00       		.byte	0
 231 001e 03       		.uleb128 0x3
 232 001f 16       		.uleb128 0x16
 233 0020 00       		.byte	0
 234 0021 03       		.uleb128 0x3
 235 0022 0E       		.uleb128 0xe
 236 0023 3A       		.uleb128 0x3a
 237 0024 0B       		.uleb128 0xb
 238 0025 3B       		.uleb128 0x3b
 239 0026 0B       		.uleb128 0xb
 240 0027 49       		.uleb128 0x49
 241 0028 13       		.uleb128 0x13
 242 0029 00       		.byte	0
 243 002a 00       		.byte	0
 244 002b 04       		.uleb128 0x4
 245 002c 24       		.uleb128 0x24
 246 002d 00       		.byte	0
 247 002e 0B       		.uleb128 0xb
 248 002f 0B       		.uleb128 0xb
 249 0030 3E       		.uleb128 0x3e
 250 0031 0B       		.uleb128 0xb
 251 0032 03       		.uleb128 0x3
 252 0033 08       		.uleb128 0x8
 253 0034 00       		.byte	0
 254 0035 00       		.byte	0
 255 0036 05       		.uleb128 0x5
 256 0037 2E       		.uleb128 0x2e
 257 0038 01       		.byte	0x1
 258 0039 3F       		.uleb128 0x3f
 259 003a 19       		.uleb128 0x19
ARM GAS  C:\Users\Admin\AppData\Local\Temp\ccBnxMa3.s 			page 6


 260 003b 03       		.uleb128 0x3
 261 003c 0E       		.uleb128 0xe
 262 003d 3A       		.uleb128 0x3a
 263 003e 0B       		.uleb128 0xb
 264 003f 3B       		.uleb128 0x3b
 265 0040 0B       		.uleb128 0xb
 266 0041 27       		.uleb128 0x27
 267 0042 19       		.uleb128 0x19
 268 0043 49       		.uleb128 0x49
 269 0044 13       		.uleb128 0x13
 270 0045 8701     		.uleb128 0x87
 271 0047 19       		.uleb128 0x19
 272 0048 11       		.uleb128 0x11
 273 0049 01       		.uleb128 0x1
 274 004a 12       		.uleb128 0x12
 275 004b 06       		.uleb128 0x6
 276 004c 40       		.uleb128 0x40
 277 004d 18       		.uleb128 0x18
 278 004e 9742     		.uleb128 0x2117
 279 0050 19       		.uleb128 0x19
 280 0051 01       		.uleb128 0x1
 281 0052 13       		.uleb128 0x13
 282 0053 00       		.byte	0
 283 0054 00       		.byte	0
 284 0055 06       		.uleb128 0x6
 285 0056 34       		.uleb128 0x34
 286 0057 00       		.byte	0
 287 0058 03       		.uleb128 0x3
 288 0059 08       		.uleb128 0x8
 289 005a 3A       		.uleb128 0x3a
 290 005b 0B       		.uleb128 0xb
 291 005c 3B       		.uleb128 0x3b
 292 005d 0B       		.uleb128 0xb
 293 005e 49       		.uleb128 0x49
 294 005f 13       		.uleb128 0x13
 295 0060 02       		.uleb128 0x2
 296 0061 17       		.uleb128 0x17
 297 0062 00       		.byte	0
 298 0063 00       		.byte	0
 299 0064 07       		.uleb128 0x7
 300 0065 898201   		.uleb128 0x4109
 301 0068 00       		.byte	0
 302 0069 11       		.uleb128 0x11
 303 006a 01       		.uleb128 0x1
 304 006b 31       		.uleb128 0x31
 305 006c 13       		.uleb128 0x13
 306 006d 00       		.byte	0
 307 006e 00       		.byte	0
 308 006f 08       		.uleb128 0x8
 309 0070 34       		.uleb128 0x34
 310 0071 00       		.byte	0
 311 0072 03       		.uleb128 0x3
 312 0073 0E       		.uleb128 0xe
 313 0074 3A       		.uleb128 0x3a
 314 0075 0B       		.uleb128 0xb
 315 0076 3B       		.uleb128 0x3b
 316 0077 05       		.uleb128 0x5
ARM GAS  C:\Users\Admin\AppData\Local\Temp\ccBnxMa3.s 			page 7


 317 0078 49       		.uleb128 0x49
 318 0079 13       		.uleb128 0x13
 319 007a 3F       		.uleb128 0x3f
 320 007b 19       		.uleb128 0x19
 321 007c 3C       		.uleb128 0x3c
 322 007d 19       		.uleb128 0x19
 323 007e 00       		.byte	0
 324 007f 00       		.byte	0
 325 0080 09       		.uleb128 0x9
 326 0081 35       		.uleb128 0x35
 327 0082 00       		.byte	0
 328 0083 49       		.uleb128 0x49
 329 0084 13       		.uleb128 0x13
 330 0085 00       		.byte	0
 331 0086 00       		.byte	0
 332 0087 0A       		.uleb128 0xa
 333 0088 2E       		.uleb128 0x2e
 334 0089 00       		.byte	0
 335 008a 3F       		.uleb128 0x3f
 336 008b 19       		.uleb128 0x19
 337 008c 3C       		.uleb128 0x3c
 338 008d 19       		.uleb128 0x19
 339 008e 6E       		.uleb128 0x6e
 340 008f 0E       		.uleb128 0xe
 341 0090 03       		.uleb128 0x3
 342 0091 0E       		.uleb128 0xe
 343 0092 3A       		.uleb128 0x3a
 344 0093 0B       		.uleb128 0xb
 345 0094 3B       		.uleb128 0x3b
 346 0095 0B       		.uleb128 0xb
 347 0096 00       		.byte	0
 348 0097 00       		.byte	0
 349 0098 00       		.byte	0
 350              		.section	.debug_loc,"",%progbits
 351              	.Ldebug_loc0:
 352              	.LLST0:
 353 0000 0C000000 		.4byte	.LVL1
 354 0004 13000000 		.4byte	.LVL2-1
 355 0008 0100     		.2byte	0x1
 356 000a 50       		.byte	0x50
 357 000b 00000000 		.4byte	0
 358 000f 00000000 		.4byte	0
 359              		.section	.debug_aranges,"",%progbits
 360 0000 1C000000 		.4byte	0x1c
 361 0004 0200     		.2byte	0x2
 362 0006 00000000 		.4byte	.Ldebug_info0
 363 000a 04       		.byte	0x4
 364 000b 00       		.byte	0
 365 000c 0000     		.2byte	0
 366 000e 0000     		.2byte	0
 367 0010 00000000 		.4byte	.LFB63
 368 0014 16000000 		.4byte	.LFE63-.LFB63
 369 0018 00000000 		.4byte	0
 370 001c 00000000 		.4byte	0
 371              		.section	.debug_ranges,"",%progbits
 372              	.Ldebug_ranges0:
 373 0000 00000000 		.4byte	.LFB63
ARM GAS  C:\Users\Admin\AppData\Local\Temp\ccBnxMa3.s 			page 8


 374 0004 16000000 		.4byte	.LFE63
 375 0008 00000000 		.4byte	0
 376 000c 00000000 		.4byte	0
 377              		.section	.debug_line,"",%progbits
 378              	.Ldebug_line0:
 379 0000 65010000 		.section	.debug_str,"MS",%progbits,1
 379      02004B01 
 379      00000201 
 379      FB0E0D00 
 379      01010101 
 380              	.LASF6:
 381 0000 6C6F6E67 		.ascii	"long long int\000"
 381      206C6F6E 
 381      6720696E 
 381      7400
 382              	.LASF3:
 383 000e 73686F72 		.ascii	"short unsigned int\000"
 383      7420756E 
 383      7369676E 
 383      65642069 
 383      6E7400
 384              	.LASF8:
 385 0021 756E7369 		.ascii	"unsigned int\000"
 385      676E6564 
 385      20696E74 
 385      00
 386              	.LASF20:
 387 002e 6D61696E 		.ascii	"main.c\000"
 387      2E6300
 388              	.LASF22:
 389 0035 6D61696E 		.ascii	"main\000"
 389      00
 390              	.LASF19:
 391 003a 474E5520 		.ascii	"GNU C11 5.4.1 20160609 (release) [ARM/embedded-5-br"
 391      43313120 
 391      352E342E 
 391      31203230 
 391      31363036 
 392 006d 616E6368 		.ascii	"anch revision 237715] -mcpu=cortex-m3 -mthumb -g -O"
 392      20726576 
 392      6973696F 
 392      6E203233 
 392      37373135 
 393 00a0 67202D66 		.ascii	"g -ffunction-sections -ffat-lto-objects\000"
 393      66756E63 
 393      74696F6E 
 393      2D736563 
 393      74696F6E 
 394              	.LASF5:
 395 00c8 6C6F6E67 		.ascii	"long unsigned int\000"
 395      20756E73 
 395      69676E65 
 395      6420696E 
 395      7400
 396              	.LASF7:
 397 00da 6C6F6E67 		.ascii	"long long unsigned int\000"
 397      206C6F6E 
ARM GAS  C:\Users\Admin\AppData\Local\Temp\ccBnxMa3.s 			page 9


 397      6720756E 
 397      7369676E 
 397      65642069 
 398              	.LASF16:
 399 00f1 55415254 		.ascii	"UART_1_Start\000"
 399      5F315F53 
 399      74617274 
 399      00
 400              	.LASF1:
 401 00fe 756E7369 		.ascii	"unsigned char\000"
 401      676E6564 
 401      20636861 
 401      7200
 402              	.LASF13:
 403 010c 63686172 		.ascii	"char\000"
 403      00
 404              	.LASF4:
 405 0111 6C6F6E67 		.ascii	"long int\000"
 405      20696E74 
 405      00
 406              	.LASF21:
 407 011a 443A5C50 		.ascii	"D:\\PAZ_lab\\lab_1\\ppaz_lab_3.cydsn\000"
 407      415A5F6C 
 407      61625C6C 
 407      61625F31 
 407      5C707061 
 408              	.LASF12:
 409 013c 646F7562 		.ascii	"double\000"
 409      6C6500
 410              	.LASF17:
 411 0143 55415254 		.ascii	"UART_1_GetChar\000"
 411      5F315F47 
 411      65744368 
 411      617200
 412              	.LASF23:
 413 0152 49544D5F 		.ascii	"ITM_RxBuffer\000"
 413      52784275 
 413      66666572 
 413      00
 414              	.LASF0:
 415 015f 7369676E 		.ascii	"signed char\000"
 415      65642063 
 415      68617200 
 416              	.LASF14:
 417 016b 6C6F6E67 		.ascii	"long double\000"
 417      20646F75 
 417      626C6500 
 418              	.LASF9:
 419 0177 5F5F696E 		.ascii	"__int32_t\000"
 419      7433325F 
 419      7400
 420              	.LASF11:
 421 0181 666C6F61 		.ascii	"float\000"
 421      7400
 422              	.LASF18:
 423 0187 55415254 		.ascii	"UART_1_PutCRLF\000"
 423      5F315F50 
ARM GAS  C:\Users\Admin\AppData\Local\Temp\ccBnxMa3.s 			page 10


 423      75744352 
 423      4C4600
 424              	.LASF2:
 425 0196 73686F72 		.ascii	"short int\000"
 425      7420696E 
 425      7400
 426              	.LASF10:
 427 01a0 696E7433 		.ascii	"int32_t\000"
 427      325F7400 
 428              	.LASF15:
 429 01a8 73697A65 		.ascii	"sizetype\000"
 429      74797065 
 429      00
 430              		.ident	"GCC: (GNU Tools for ARM Embedded Processors) 5.4.1 20160609 (release) [ARM/embedded-5-bran
