ARM GAS  C:\Users\OLEKSA~1\AppData\Local\Temp\ccov8SnR.s 			page 1


   1              		.syntax unified
   2              		.cpu cortex-m3
   3              		.fpu softvfp
   4              		.eabi_attribute 20, 1
   5              		.eabi_attribute 21, 1
   6              		.eabi_attribute 23, 3
   7              		.eabi_attribute 24, 1
   8              		.eabi_attribute 25, 1
   9              		.eabi_attribute 26, 1
  10              		.eabi_attribute 30, 1
  11              		.eabi_attribute 34, 1
  12              		.eabi_attribute 18, 4
  13              		.thumb
  14              		.syntax unified
  15              		.file	"cymetadata.c"
  16              		.text
  17              	.Ltext0:
  18              		.cfi_sections	.debug_frame
  19              		.global	cy_metadata
  20              		.global	cy_meta_flashprotect
  21              		.global	cy_meta_wonvl
  22              		.global	cy_meta_custnvl
  23              		.global	cy_meta_configecc
  24              		.section	.cyconfigecc,"a",%progbits
  25              		.align	2
  26              		.type	cy_meta_configecc, %object
  27              		.size	cy_meta_configecc, 264
  28              	cy_meta_configecc:
  29 0000 01       		.byte	1
  30 0001 52       		.byte	82
  31 0002 00       		.byte	0
  32 0003 40       		.byte	64
  33 0004 01       		.byte	1
  34 0005 64       		.byte	100
  35 0006 00       		.byte	0
  36 0007 40       		.byte	64
  37 0008 02       		.byte	2
  38 0009 09       		.byte	9
  39 000a 01       		.byte	1
  40 000b 40       		.byte	64
  41 000c 34       		.byte	52
  42 000d 0A       		.byte	10
  43 000e 01       		.byte	1
  44 000f 40       		.byte	64
  45 0010 1E       		.byte	30
  46 0011 0B       		.byte	11
  47 0012 01       		.byte	1
  48 0013 40       		.byte	64
  49 0014 02       		.byte	2
  50 0015 45       		.byte	69
  51 0016 01       		.byte	1
  52 0017 40       		.byte	64
  53 0018 03       		.byte	3
  54 0019 46       		.byte	70
  55 001a 01       		.byte	1
  56 001b 40       		.byte	64
  57 001c 02       		.byte	2
ARM GAS  C:\Users\OLEKSA~1\AppData\Local\Temp\ccov8SnR.s 			page 2


  58 001d 47       		.byte	71
  59 001e 01       		.byte	1
  60 001f 40       		.byte	64
  61 0020 03       		.byte	3
  62 0021 4C       		.byte	76
  63 0022 01       		.byte	1
  64 0023 40       		.byte	64
  65 0024 02       		.byte	2
  66 0025 50       		.byte	80
  67 0026 01       		.byte	1
  68 0027 40       		.byte	64
  69 0028 09       		.byte	9
  70 0029 80       		.byte	-128
  71 002a 8B       		.byte	-117
  72 002b 0D       		.byte	13
  73 002c A8       		.byte	-88
  74 002d 01       		.byte	1
  75 002e EA       		.byte	-22
  76 002f 01       		.byte	1
  77 0030 40       		.byte	64
  78 0031 31       		.byte	49
  79 0032 41       		.byte	65
  80 0033 05       		.byte	5
  81 0034 49       		.byte	73
  82 0035 FF       		.byte	-1
  83 0036 4A       		.byte	74
  84 0037 FF       		.byte	-1
  85 0038 4B       		.byte	75
  86 0039 FF       		.byte	-1
  87 003a 4F       		.byte	79
  88 003b 01       		.byte	1
  89 003c 50       		.byte	80
  90 003d 18       		.byte	24
  91 003e 5A       		.byte	90
  92 003f 04       		.byte	4
  93 0040 5B       		.byte	91
  94 0041 04       		.byte	4
  95 0042 5F       		.byte	95
  96 0043 01       		.byte	1
  97 0044 60       		.byte	96
  98 0045 40       		.byte	64
  99 0046 62       		.byte	98
 100 0047 40       		.byte	64
 101 0048 64       		.byte	100
 102 0049 40       		.byte	64
 103 004a 65       		.byte	101
 104 004b 40       		.byte	64
 105 004c 66       		.byte	102
 106 004d 80       		.byte	-128
 107 004e 68       		.byte	104
 108 004f 80       		.byte	-128
 109 0050 6A       		.byte	106
 110 0051 80       		.byte	-128
 111 0052 6C       		.byte	108
 112 0053 80       		.byte	-128
 113 0054 6E       		.byte	110
 114 0055 80       		.byte	-128
ARM GAS  C:\Users\OLEKSA~1\AppData\Local\Temp\ccov8SnR.s 			page 3


 115 0056 82       		.byte	-126
 116 0057 03       		.byte	3
 117 0058 9E       		.byte	-98
 118 0059 02       		.byte	2
 119 005a AE       		.byte	-82
 120 005b 03       		.byte	3
 121 005c B0       		.byte	-80
 122 005d 02       		.byte	2
 123 005e B2       		.byte	-78
 124 005f 01       		.byte	1
 125 0060 BE       		.byte	-66
 126 0061 05       		.byte	5
 127 0062 C0       		.byte	-64
 128 0063 31       		.byte	49
 129 0064 C1       		.byte	-63
 130 0065 04       		.byte	4
 131 0066 C5       		.byte	-59
 132 0067 EC       		.byte	-20
 133 0068 C6       		.byte	-58
 134 0069 02       		.byte	2
 135 006a C8       		.byte	-56
 136 006b 07       		.byte	7
 137 006c C9       		.byte	-55
 138 006d FF       		.byte	-1
 139 006e CA       		.byte	-54
 140 006f FF       		.byte	-1
 141 0070 CB       		.byte	-53
 142 0071 FF       		.byte	-1
 143 0072 CD       		.byte	-51
 144 0073 83       		.byte	-125
 145 0074 CE       		.byte	-50
 146 0075 03       		.byte	3
 147 0076 CF       		.byte	-49
 148 0077 01       		.byte	1
 149 0078 D0       		.byte	-48
 150 0079 18       		.byte	24
 151 007a D2       		.byte	-46
 152 007b 80       		.byte	-128
 153 007c D4       		.byte	-44
 154 007d 01       		.byte	1
 155 007e D8       		.byte	-40
 156 007f 04       		.byte	4
 157 0080 DA       		.byte	-38
 158 0081 04       		.byte	4
 159 0082 DB       		.byte	-37
 160 0083 04       		.byte	4
 161 0084 DF       		.byte	-33
 162 0085 05       		.byte	5
 163 0086 E0       		.byte	-32
 164 0087 40       		.byte	64
 165 0088 E2       		.byte	-30
 166 0089 40       		.byte	64
 167 008a E4       		.byte	-28
 168 008b 40       		.byte	64
 169 008c E5       		.byte	-27
 170 008d 40       		.byte	64
 171 008e E6       		.byte	-26
ARM GAS  C:\Users\OLEKSA~1\AppData\Local\Temp\ccov8SnR.s 			page 4


 172 008f 80       		.byte	-128
 173 0090 E8       		.byte	-24
 174 0091 80       		.byte	-128
 175 0092 EA       		.byte	-22
 176 0093 80       		.byte	-128
 177 0094 EC       		.byte	-20
 178 0095 80       		.byte	-128
 179 0096 EE       		.byte	-18
 180 0097 80       		.byte	-128
 181 0098 04       		.byte	4
 182 0099 01       		.byte	1
 183 009a 0D       		.byte	13
 184 009b 80       		.byte	-128
 185 009c 17       		.byte	23
 186 009d 80       		.byte	-128
 187 009e 1C       		.byte	28
 188 009f 10       		.byte	16
 189 00a0 1D       		.byte	29
 190 00a1 08       		.byte	8
 191 00a2 1E       		.byte	30
 192 00a3 40       		.byte	64
 193 00a4 40       		.byte	64
 194 00a5 10       		.byte	16
 195 00a6 41       		.byte	65
 196 00a7 80       		.byte	-128
 197 00a8 45       		.byte	69
 198 00a9 88       		.byte	-120
 199 00aa 47       		.byte	71
 200 00ab 02       		.byte	2
 201 00ac 48       		.byte	72
 202 00ad 01       		.byte	1
 203 00ae 4D       		.byte	77
 204 00af 04       		.byte	4
 205 00b0 4F       		.byte	79
 206 00b1 01       		.byte	1
 207 00b2 55       		.byte	85
 208 00b3 80       		.byte	-128
 209 00b4 5D       		.byte	93
 210 00b5 04       		.byte	4
 211 00b6 5E       		.byte	94
 212 00b7 40       		.byte	64
 213 00b8 5F       		.byte	95
 214 00b9 01       		.byte	1
 215 00ba 68       		.byte	104
 216 00bb 01       		.byte	1
 217 00bc 69       		.byte	105
 218 00bd C0       		.byte	-64
 219 00be 6B       		.byte	107
 220 00bf 02       		.byte	2
 221 00c0 77       		.byte	119
 222 00c1 80       		.byte	-128
 223 00c2 7D       		.byte	125
 224 00c3 40       		.byte	64
 225 00c4 8D       		.byte	-115
 226 00c5 40       		.byte	64
 227 00c6 C0       		.byte	-64
 228 00c7 10       		.byte	16
ARM GAS  C:\Users\OLEKSA~1\AppData\Local\Temp\ccov8SnR.s 			page 5


 229 00c8 C2       		.byte	-62
 230 00c9 80       		.byte	-128
 231 00ca C4       		.byte	-60
 232 00cb 80       		.byte	-128
 233 00cc D0       		.byte	-48
 234 00cd DA       		.byte	-38
 235 00ce D2       		.byte	-46
 236 00cf 08       		.byte	8
 237 00d0 D6       		.byte	-42
 238 00d1 D0       		.byte	-48
 239 00d2 DE       		.byte	-34
 240 00d3 10       		.byte	16
 241 00d4 0F       		.byte	15
 242 00d5 01       		.byte	1
 243 00d6 C2       		.byte	-62
 244 00d7 01       		.byte	1
 245 00d8 8D       		.byte	-115
 246 00d9 02       		.byte	2
 247 00da 93       		.byte	-109
 248 00db 01       		.byte	1
 249 00dc E4       		.byte	-28
 250 00dd 08       		.byte	8
 251 00de A1       		.byte	-95
 252 00df 02       		.byte	2
 253 00e0 AB       		.byte	-85
 254 00e1 01       		.byte	1
 255 00e2 61       		.byte	97
 256 00e3 02       		.byte	2
 257 00e4 A1       		.byte	-95
 258 00e5 02       		.byte	2
 259 00e6 D8       		.byte	-40
 260 00e7 02       		.byte	2
 261 00e8 00       		.byte	0
 262 00e9 01       		.byte	1
 263 00ea 0C       		.byte	12
 264 00eb 01       		.byte	1
 265 00ec 00       		.byte	0
 266 00ed 7F       		.byte	127
 267 00ee 7F       		.byte	127
 268 00ef 00       		.byte	0
 269 00f0 00       		.byte	0
 270 00f1 00       		.byte	0
 271 00f2 00       		.byte	0
 272 00f3 00       		.byte	0
 273 00f4 80       		.byte	-128
 274 00f5 00       		.byte	0
 275 00f6 00       		.byte	0
 276 00f7 8B       		.byte	-117
 277 00f8 8B       		.byte	-117
 278 00f9 00       		.byte	0
 279 00fa 80       		.byte	-128
 280 00fb 00       		.byte	0
 281 00fc 00       		.byte	0
 282 00fd 00       		.byte	0
 283 00fe 00       		.byte	0
 284 00ff 00       		.byte	0
 285 0100 80       		.byte	-128
ARM GAS  C:\Users\OLEKSA~1\AppData\Local\Temp\ccov8SnR.s 			page 6


 286 0101 00       		.byte	0
 287 0102 00       		.byte	0
 288 0103 00       		.byte	0
 289 0104 00       		.byte	0
 290 0105 00       		.byte	0
 291 0106 00       		.byte	0
 292 0107 00       		.byte	0
 293              		.section	.cywolatch,"a",%progbits
 294              		.align	2
 295              		.type	cy_meta_wonvl, %object
 296              		.size	cy_meta_wonvl, 4
 297              	cy_meta_wonvl:
 298 0000 BC       		.byte	-68
 299 0001 90       		.byte	-112
 300 0002 AC       		.byte	-84
 301 0003 AF       		.byte	-81
 302              		.section	.cycustnvl,"a",%progbits
 303              		.align	2
 304              		.type	cy_meta_custnvl, %object
 305              		.size	cy_meta_custnvl, 4
 306              	cy_meta_custnvl:
 307 0000 00       		.byte	0
 308 0001 00       		.byte	0
 309 0002 40       		.byte	64
 310 0003 05       		.byte	5
 311              		.section	.cymeta,"a",%progbits
 312              		.align	2
 313              		.type	cy_metadata, %object
 314              		.size	cy_metadata, 12
 315              	cy_metadata:
 316 0000 00       		.byte	0
 317 0001 01       		.byte	1
 318 0002 2E       		.byte	46
 319 0003 16       		.byte	22
 320 0004 10       		.byte	16
 321 0005 69       		.byte	105
 322 0006 00       		.byte	0
 323 0007 01       		.byte	1
 324 0008 00       		.byte	0
 325 0009 00       		.byte	0
 326 000a 00       		.byte	0
 327 000b 00       		.byte	0
 328              		.section	.cyflashprotect,"a",%progbits
 329              		.align	2
 330              		.type	cy_meta_flashprotect, %object
 331              		.size	cy_meta_flashprotect, 256
 332              	cy_meta_flashprotect:
 333 0000 00000000 		.space	256
 333      00000000 
 333      00000000 
 333      00000000 
 333      00000000 
 334              		.text
 335              	.Letext0:
 336              		.file 1 "c:\\program files (x86)\\cypress\\psoc creator\\4.4\\psoc creator\\import\\gnu\\arm\\5.4.
 337              		.file 2 "c:\\program files (x86)\\cypress\\psoc creator\\4.4\\psoc creator\\import\\gnu\\arm\\5.4.
 338              		.file 3 "Generated_Source\\PSoC5\\cymetadata.c"
ARM GAS  C:\Users\OLEKSA~1\AppData\Local\Temp\ccov8SnR.s 			page 7


 339              		.section	.debug_info,"",%progbits
 340              	.Ldebug_info0:
 341 0000 31010000 		.4byte	0x131
 342 0004 0400     		.2byte	0x4
 343 0006 00000000 		.4byte	.Ldebug_abbrev0
 344 000a 04       		.byte	0x4
 345 000b 01       		.uleb128 0x1
 346 000c 24000000 		.4byte	.LASF17
 347 0010 0C       		.byte	0xc
 348 0011 D2010000 		.4byte	.LASF18
 349 0015 E7000000 		.4byte	.LASF19
 350 0019 00000000 		.4byte	.Ldebug_line0
 351 001d 02       		.uleb128 0x2
 352 001e 01       		.byte	0x1
 353 001f 06       		.byte	0x6
 354 0020 C6010000 		.4byte	.LASF0
 355 0024 03       		.uleb128 0x3
 356 0025 00000000 		.4byte	.LASF9
 357 0029 01       		.byte	0x1
 358 002a 1D       		.byte	0x1d
 359 002b 2F000000 		.4byte	0x2f
 360 002f 02       		.uleb128 0x2
 361 0030 01       		.byte	0x1
 362 0031 08       		.byte	0x8
 363 0032 16000000 		.4byte	.LASF1
 364 0036 02       		.uleb128 0x2
 365 0037 02       		.byte	0x2
 366 0038 05       		.byte	0x5
 367 0039 B3010000 		.4byte	.LASF2
 368 003d 02       		.uleb128 0x2
 369 003e 02       		.byte	0x2
 370 003f 07       		.byte	0x7
 371 0040 C4000000 		.4byte	.LASF3
 372 0044 02       		.uleb128 0x2
 373 0045 04       		.byte	0x4
 374 0046 05       		.byte	0x5
 375 0047 BD010000 		.4byte	.LASF4
 376 004b 02       		.uleb128 0x2
 377 004c 04       		.byte	0x4
 378 004d 07       		.byte	0x7
 379 004e B2000000 		.4byte	.LASF5
 380 0052 02       		.uleb128 0x2
 381 0053 08       		.byte	0x8
 382 0054 05       		.byte	0x5
 383 0055 A5010000 		.4byte	.LASF6
 384 0059 02       		.uleb128 0x2
 385 005a 08       		.byte	0x8
 386 005b 07       		.byte	0x7
 387 005c 5A010000 		.4byte	.LASF7
 388 0060 04       		.uleb128 0x4
 389 0061 04       		.byte	0x4
 390 0062 05       		.byte	0x5
 391 0063 696E7400 		.ascii	"int\000"
 392 0067 02       		.uleb128 0x2
 393 0068 04       		.byte	0x4
 394 0069 07       		.byte	0x7
 395 006a 4D010000 		.4byte	.LASF8
ARM GAS  C:\Users\OLEKSA~1\AppData\Local\Temp\ccov8SnR.s 			page 8


 396 006e 03       		.uleb128 0x3
 397 006f 71010000 		.4byte	.LASF10
 398 0073 02       		.byte	0x2
 399 0074 18       		.byte	0x18
 400 0075 24000000 		.4byte	0x24
 401 0079 05       		.uleb128 0x5
 402 007a 91000000 		.4byte	0x91
 403 007e 8A000000 		.4byte	0x8a
 404 0082 06       		.uleb128 0x6
 405 0083 8A000000 		.4byte	0x8a
 406 0087 0701     		.2byte	0x107
 407 0089 00       		.byte	0
 408 008a 02       		.uleb128 0x2
 409 008b 04       		.byte	0x4
 410 008c 07       		.byte	0x7
 411 008d 9C010000 		.4byte	.LASF11
 412 0091 07       		.uleb128 0x7
 413 0092 6E000000 		.4byte	0x6e
 414 0096 08       		.uleb128 0x8
 415 0097 3B010000 		.4byte	.LASF12
 416 009b 03       		.byte	0x3
 417 009c 1F       		.byte	0x1f
 418 009d A7000000 		.4byte	0xa7
 419 00a1 05       		.uleb128 0x5
 420 00a2 03       		.byte	0x3
 421 00a3 00000000 		.4byte	cy_meta_configecc
 422 00a7 07       		.uleb128 0x7
 423 00a8 79000000 		.4byte	0x79
 424 00ac 05       		.uleb128 0x5
 425 00ad 91000000 		.4byte	0x91
 426 00b1 BC000000 		.4byte	0xbc
 427 00b5 09       		.uleb128 0x9
 428 00b6 8A000000 		.4byte	0x8a
 429 00ba 03       		.byte	0x3
 430 00bb 00       		.byte	0
 431 00bc 08       		.uleb128 0x8
 432 00bd D7000000 		.4byte	.LASF13
 433 00c1 03       		.byte	0x3
 434 00c2 4D       		.byte	0x4d
 435 00c3 CD000000 		.4byte	0xcd
 436 00c7 05       		.uleb128 0x5
 437 00c8 03       		.byte	0x3
 438 00c9 00000000 		.4byte	cy_meta_custnvl
 439 00cd 07       		.uleb128 0x7
 440 00ce AC000000 		.4byte	0xac
 441 00d2 08       		.uleb128 0x8
 442 00d3 8E010000 		.4byte	.LASF14
 443 00d7 03       		.byte	0x3
 444 00d8 5B       		.byte	0x5b
 445 00d9 E3000000 		.4byte	0xe3
 446 00dd 05       		.uleb128 0x5
 447 00de 03       		.byte	0x3
 448 00df 00000000 		.4byte	cy_meta_wonvl
 449 00e3 07       		.uleb128 0x7
 450 00e4 AC000000 		.4byte	0xac
 451 00e8 05       		.uleb128 0x5
 452 00e9 91000000 		.4byte	0x91
ARM GAS  C:\Users\OLEKSA~1\AppData\Local\Temp\ccov8SnR.s 			page 9


 453 00ed F8000000 		.4byte	0xf8
 454 00f1 09       		.uleb128 0x9
 455 00f2 8A000000 		.4byte	0x8a
 456 00f6 FF       		.byte	0xff
 457 00f7 00       		.byte	0
 458 00f8 08       		.uleb128 0x8
 459 00f9 79010000 		.4byte	.LASF15
 460 00fd 03       		.byte	0x3
 461 00fe 69       		.byte	0x69
 462 00ff 09010000 		.4byte	0x109
 463 0103 05       		.uleb128 0x5
 464 0104 03       		.byte	0x3
 465 0105 00000000 		.4byte	cy_meta_flashprotect
 466 0109 07       		.uleb128 0x7
 467 010a E8000000 		.4byte	0xe8
 468 010e 05       		.uleb128 0x5
 469 010f 91000000 		.4byte	0x91
 470 0113 1E010000 		.4byte	0x11e
 471 0117 09       		.uleb128 0x9
 472 0118 8A000000 		.4byte	0x8a
 473 011c 0B       		.byte	0xb
 474 011d 00       		.byte	0
 475 011e 08       		.uleb128 0x8
 476 011f 0A000000 		.4byte	.LASF16
 477 0123 03       		.byte	0x3
 478 0124 96       		.byte	0x96
 479 0125 2F010000 		.4byte	0x12f
 480 0129 05       		.uleb128 0x5
 481 012a 03       		.byte	0x3
 482 012b 00000000 		.4byte	cy_metadata
 483 012f 07       		.uleb128 0x7
 484 0130 0E010000 		.4byte	0x10e
 485 0134 00       		.byte	0
 486              		.section	.debug_abbrev,"",%progbits
 487              	.Ldebug_abbrev0:
 488 0000 01       		.uleb128 0x1
 489 0001 11       		.uleb128 0x11
 490 0002 01       		.byte	0x1
 491 0003 25       		.uleb128 0x25
 492 0004 0E       		.uleb128 0xe
 493 0005 13       		.uleb128 0x13
 494 0006 0B       		.uleb128 0xb
 495 0007 03       		.uleb128 0x3
 496 0008 0E       		.uleb128 0xe
 497 0009 1B       		.uleb128 0x1b
 498 000a 0E       		.uleb128 0xe
 499 000b 10       		.uleb128 0x10
 500 000c 17       		.uleb128 0x17
 501 000d 00       		.byte	0
 502 000e 00       		.byte	0
 503 000f 02       		.uleb128 0x2
 504 0010 24       		.uleb128 0x24
 505 0011 00       		.byte	0
 506 0012 0B       		.uleb128 0xb
 507 0013 0B       		.uleb128 0xb
 508 0014 3E       		.uleb128 0x3e
 509 0015 0B       		.uleb128 0xb
ARM GAS  C:\Users\OLEKSA~1\AppData\Local\Temp\ccov8SnR.s 			page 10


 510 0016 03       		.uleb128 0x3
 511 0017 0E       		.uleb128 0xe
 512 0018 00       		.byte	0
 513 0019 00       		.byte	0
 514 001a 03       		.uleb128 0x3
 515 001b 16       		.uleb128 0x16
 516 001c 00       		.byte	0
 517 001d 03       		.uleb128 0x3
 518 001e 0E       		.uleb128 0xe
 519 001f 3A       		.uleb128 0x3a
 520 0020 0B       		.uleb128 0xb
 521 0021 3B       		.uleb128 0x3b
 522 0022 0B       		.uleb128 0xb
 523 0023 49       		.uleb128 0x49
 524 0024 13       		.uleb128 0x13
 525 0025 00       		.byte	0
 526 0026 00       		.byte	0
 527 0027 04       		.uleb128 0x4
 528 0028 24       		.uleb128 0x24
 529 0029 00       		.byte	0
 530 002a 0B       		.uleb128 0xb
 531 002b 0B       		.uleb128 0xb
 532 002c 3E       		.uleb128 0x3e
 533 002d 0B       		.uleb128 0xb
 534 002e 03       		.uleb128 0x3
 535 002f 08       		.uleb128 0x8
 536 0030 00       		.byte	0
 537 0031 00       		.byte	0
 538 0032 05       		.uleb128 0x5
 539 0033 01       		.uleb128 0x1
 540 0034 01       		.byte	0x1
 541 0035 49       		.uleb128 0x49
 542 0036 13       		.uleb128 0x13
 543 0037 01       		.uleb128 0x1
 544 0038 13       		.uleb128 0x13
 545 0039 00       		.byte	0
 546 003a 00       		.byte	0
 547 003b 06       		.uleb128 0x6
 548 003c 21       		.uleb128 0x21
 549 003d 00       		.byte	0
 550 003e 49       		.uleb128 0x49
 551 003f 13       		.uleb128 0x13
 552 0040 2F       		.uleb128 0x2f
 553 0041 05       		.uleb128 0x5
 554 0042 00       		.byte	0
 555 0043 00       		.byte	0
 556 0044 07       		.uleb128 0x7
 557 0045 26       		.uleb128 0x26
 558 0046 00       		.byte	0
 559 0047 49       		.uleb128 0x49
 560 0048 13       		.uleb128 0x13
 561 0049 00       		.byte	0
 562 004a 00       		.byte	0
 563 004b 08       		.uleb128 0x8
 564 004c 34       		.uleb128 0x34
 565 004d 00       		.byte	0
 566 004e 03       		.uleb128 0x3
ARM GAS  C:\Users\OLEKSA~1\AppData\Local\Temp\ccov8SnR.s 			page 11


 567 004f 0E       		.uleb128 0xe
 568 0050 3A       		.uleb128 0x3a
 569 0051 0B       		.uleb128 0xb
 570 0052 3B       		.uleb128 0x3b
 571 0053 0B       		.uleb128 0xb
 572 0054 49       		.uleb128 0x49
 573 0055 13       		.uleb128 0x13
 574 0056 3F       		.uleb128 0x3f
 575 0057 19       		.uleb128 0x19
 576 0058 02       		.uleb128 0x2
 577 0059 18       		.uleb128 0x18
 578 005a 00       		.byte	0
 579 005b 00       		.byte	0
 580 005c 09       		.uleb128 0x9
 581 005d 21       		.uleb128 0x21
 582 005e 00       		.byte	0
 583 005f 49       		.uleb128 0x49
 584 0060 13       		.uleb128 0x13
 585 0061 2F       		.uleb128 0x2f
 586 0062 0B       		.uleb128 0xb
 587 0063 00       		.byte	0
 588 0064 00       		.byte	0
 589 0065 00       		.byte	0
 590              		.section	.debug_aranges,"",%progbits
 591 0000 14000000 		.4byte	0x14
 592 0004 0200     		.2byte	0x2
 593 0006 00000000 		.4byte	.Ldebug_info0
 594 000a 04       		.byte	0x4
 595 000b 00       		.byte	0
 596 000c 0000     		.2byte	0
 597 000e 0000     		.2byte	0
 598 0010 00000000 		.4byte	0
 599 0014 00000000 		.4byte	0
 600              		.section	.debug_line,"",%progbits
 601              	.Ldebug_line0:
 602 0000 3D010000 		.section	.debug_str,"MS",%progbits,1
 602      02003701 
 602      00000201 
 602      FB0E0D00 
 602      01010101 
 603              	.LASF9:
 604 0000 5F5F7569 		.ascii	"__uint8_t\000"
 604      6E74385F 
 604      7400
 605              	.LASF16:
 606 000a 63795F6D 		.ascii	"cy_metadata\000"
 606      65746164 
 606      61746100 
 607              	.LASF1:
 608 0016 756E7369 		.ascii	"unsigned char\000"
 608      676E6564 
 608      20636861 
 608      7200
 609              	.LASF17:
 610 0024 474E5520 		.ascii	"GNU C11 5.4.1 20160609 (release) [ARM/embedded-5-br"
 610      43313120 
 610      352E342E 
ARM GAS  C:\Users\OLEKSA~1\AppData\Local\Temp\ccov8SnR.s 			page 12


 610      31203230 
 610      31363036 
 611 0057 616E6368 		.ascii	"anch revision 237715] -mcpu=cortex-m3 -mthumb -g -O"
 611      20726576 
 611      6973696F 
 611      6E203233 
 611      37373135 
 612 008a 67202D66 		.ascii	"g -ffunction-sections -ffat-lto-objects\000"
 612      66756E63 
 612      74696F6E 
 612      2D736563 
 612      74696F6E 
 613              	.LASF5:
 614 00b2 6C6F6E67 		.ascii	"long unsigned int\000"
 614      20756E73 
 614      69676E65 
 614      6420696E 
 614      7400
 615              	.LASF3:
 616 00c4 73686F72 		.ascii	"short unsigned int\000"
 616      7420756E 
 616      7369676E 
 616      65642069 
 616      6E7400
 617              	.LASF13:
 618 00d7 63795F6D 		.ascii	"cy_meta_custnvl\000"
 618      6574615F 
 618      63757374 
 618      6E766C00 
 619              	.LASF19:
 620 00e7 433A5C55 		.ascii	"C:\\Users\\oleksandr\\Documents\\PSoC Creator\\Work"
 620      73657273 
 620      5C6F6C65 
 620      6B73616E 
 620      64725C44 
 621 0115 73706163 		.ascii	"space02\\UltrasonicRangingModule.cydsn\000"
 621      6530325C 
 621      556C7472 
 621      61736F6E 
 621      69635261 
 622              	.LASF12:
 623 013b 63795F6D 		.ascii	"cy_meta_configecc\000"
 623      6574615F 
 623      636F6E66 
 623      69676563 
 623      6300
 624              	.LASF8:
 625 014d 756E7369 		.ascii	"unsigned int\000"
 625      676E6564 
 625      20696E74 
 625      00
 626              	.LASF7:
 627 015a 6C6F6E67 		.ascii	"long long unsigned int\000"
 627      206C6F6E 
 627      6720756E 
 627      7369676E 
 627      65642069 
ARM GAS  C:\Users\OLEKSA~1\AppData\Local\Temp\ccov8SnR.s 			page 13


 628              	.LASF10:
 629 0171 75696E74 		.ascii	"uint8_t\000"
 629      385F7400 
 630              	.LASF15:
 631 0179 63795F6D 		.ascii	"cy_meta_flashprotect\000"
 631      6574615F 
 631      666C6173 
 631      6870726F 
 631      74656374 
 632              	.LASF14:
 633 018e 63795F6D 		.ascii	"cy_meta_wonvl\000"
 633      6574615F 
 633      776F6E76 
 633      6C00
 634              	.LASF11:
 635 019c 73697A65 		.ascii	"sizetype\000"
 635      74797065 
 635      00
 636              	.LASF6:
 637 01a5 6C6F6E67 		.ascii	"long long int\000"
 637      206C6F6E 
 637      6720696E 
 637      7400
 638              	.LASF2:
 639 01b3 73686F72 		.ascii	"short int\000"
 639      7420696E 
 639      7400
 640              	.LASF4:
 641 01bd 6C6F6E67 		.ascii	"long int\000"
 641      20696E74 
 641      00
 642              	.LASF0:
 643 01c6 7369676E 		.ascii	"signed char\000"
 643      65642063 
 643      68617200 
 644              	.LASF18:
 645 01d2 47656E65 		.ascii	"Generated_Source\\PSoC5\\cymetadata.c\000"
 645      72617465 
 645      645F536F 
 645      75726365 
 645      5C50536F 
 646              		.ident	"GCC: (GNU Tools for ARM Embedded Processors) 5.4.1 20160609 (release) [ARM/embedded-5-bran
