ARM GAS  C:\Users\slavi\AppData\Local\Temp\ccAUhPSD.s 			page 1


   1              		.syntax unified
   2              		.cpu cortex-m3
   3              		.fpu softvfp
   4              		.eabi_attribute 20, 1
   5              		.eabi_attribute 21, 1
   6              		.eabi_attribute 23, 3
   7              		.eabi_attribute 24, 1
   8              		.eabi_attribute 25, 1
   9              		.eabi_attribute 26, 1
  10              		.eabi_attribute 30, 1
  11              		.eabi_attribute 34, 1
  12              		.eabi_attribute 18, 4
  13              		.thumb
  14              		.syntax unified
  15              		.file	"main.c"
  16              		.text
  17              	.Ltext0:
  18              		.cfi_sections	.debug_frame
  19              		.section	.text.main,"ax",%progbits
  20              		.align	2
  21              		.global	main
  22              		.thumb
  23              		.thumb_func
  24              		.type	main, %function
  25              	main:
  26              	.LFB63:
  27              		.file 1 "main.c"
   1:main.c        **** /* ========================================
   2:main.c        ****  *
   3:main.c        ****  * Copyright YOUR COMPANY, THE YEAR
   4:main.c        ****  * All Rights Reserved
   5:main.c        ****  * UNPUBLISHED, LICENSED SOFTWARE.
   6:main.c        ****  *
   7:main.c        ****  * CONFIDENTIAL AND PROPRIETARY INFORMATION
   8:main.c        ****  * WHICH IS THE PROPERTY OF your company.
   9:main.c        ****  *
  10:main.c        ****  * ========================================
  11:main.c        **** */
  12:main.c        **** #include "project.h"
  13:main.c        **** #define NAME "Yaroslav "
  14:main.c        **** #define SURNAME "Mentukh "
  15:main.c        **** #define GROUP "TR-44 "
  16:main.c        **** 
  17:main.c        **** 
  18:main.c        **** int main(void)
  19:main.c        **** {
  28              		.loc 1 19 0
  29              		.cfi_startproc
  30              		@ Volatile: function does not return.
  31              		@ args = 0, pretend = 0, frame = 0
  32              		@ frame_needed = 0, uses_anonymous_args = 0
  33 0000 08B5     		push	{r3, lr}
  34              		.cfi_def_cfa_offset 8
  35              		.cfi_offset 3, -8
  36              		.cfi_offset 14, -4
  20:main.c        ****     CyGlobalIntEnable; /* Enable global interrupts. */
  37              		.loc 1 20 0
ARM GAS  C:\Users\slavi\AppData\Local\Temp\ccAUhPSD.s 			page 2


  38              		.syntax unified
  39              	@ 20 "main.c" 1
  40 0002 62B6     		CPSIE   i
  41              	@ 0 "" 2
  21:main.c        ****     
  22:main.c        ****     UART_Start();
  42              		.loc 1 22 0
  43              		.thumb
  44              		.syntax unified
  45 0004 FFF7FEFF 		bl	UART_Start
  46              	.LVL0:
  23:main.c        ****     LCD_Start();
  47              		.loc 1 23 0
  48 0008 FFF7FEFF 		bl	LCD_Start
  49              	.LVL1:
  24:main.c        ****     LCD_Position(0u,0u);
  50              		.loc 1 24 0
  51 000c 0021     		movs	r1, #0
  52 000e 0846     		mov	r0, r1
  53 0010 FFF7FEFF 		bl	LCD_Position
  54              	.LVL2:
  25:main.c        ****     LCD_PrintString(NAME);
  55              		.loc 1 25 0
  56 0014 0F48     		ldr	r0, .L4
  57 0016 FFF7FEFF 		bl	LCD_PrintString
  58              	.LVL3:
  26:main.c        ****     LCD_Position(1u,0u);
  59              		.loc 1 26 0
  60 001a 0021     		movs	r1, #0
  61 001c 0120     		movs	r0, #1
  62 001e FFF7FEFF 		bl	LCD_Position
  63              	.LVL4:
  27:main.c        ****     LCD_PrintString(SURNAME);
  64              		.loc 1 27 0
  65 0022 0D48     		ldr	r0, .L4+4
  66 0024 FFF7FEFF 		bl	LCD_PrintString
  67              	.LVL5:
  28:main.c        ****     LCD_Position(1u,9u);
  68              		.loc 1 28 0
  69 0028 0921     		movs	r1, #9
  70 002a 0120     		movs	r0, #1
  71 002c FFF7FEFF 		bl	LCD_Position
  72              	.LVL6:
  29:main.c        ****     LCD_PrintString(GROUP);
  73              		.loc 1 29 0
  74 0030 0A48     		ldr	r0, .L4+8
  75 0032 FFF7FEFF 		bl	LCD_PrintString
  76              	.LVL7:
  77              	.L2:
  30:main.c        ****     
  31:main.c        ****     for(;;)
  32:main.c        ****     {
  33:main.c        ****        UART_PutString(NAME);
  78              		.loc 1 33 0 discriminator 1
  79 0036 0748     		ldr	r0, .L4
  80 0038 FFF7FEFF 		bl	UART_PutString
  81              	.LVL8:
ARM GAS  C:\Users\slavi\AppData\Local\Temp\ccAUhPSD.s 			page 3


  34:main.c        ****        UART_PutString(SURNAME);
  82              		.loc 1 34 0 discriminator 1
  83 003c 0648     		ldr	r0, .L4+4
  84 003e FFF7FEFF 		bl	UART_PutString
  85              	.LVL9:
  35:main.c        ****        UART_PutString(GROUP);
  86              		.loc 1 35 0 discriminator 1
  87 0042 0648     		ldr	r0, .L4+8
  88 0044 FFF7FEFF 		bl	UART_PutString
  89              	.LVL10:
  36:main.c        ****        CyDelay(1000);
  90              		.loc 1 36 0 discriminator 1
  91 0048 4FF47A70 		mov	r0, #1000
  92 004c FFF7FEFF 		bl	CyDelay
  93              	.LVL11:
  94 0050 F1E7     		b	.L2
  95              	.L5:
  96 0052 00BF     		.align	2
  97              	.L4:
  98 0054 00000000 		.word	.LC0
  99 0058 0C000000 		.word	.LC1
 100 005c 18000000 		.word	.LC2
 101              		.cfi_endproc
 102              	.LFE63:
 103              		.size	main, .-main
 104              		.section	.rodata.str1.4,"aMS",%progbits,1
 105              		.align	2
 106              	.LC0:
 107 0000 5961726F 		.ascii	"Yaroslav \000"
 107      736C6176 
 107      2000
 108 000a 0000     		.space	2
 109              	.LC1:
 110 000c 4D656E74 		.ascii	"Mentukh \000"
 110      756B6820 
 110      00
 111 0015 000000   		.space	3
 112              	.LC2:
 113 0018 54522D34 		.ascii	"TR-44 \000"
 113      342000
 114              		.text
 115              	.Letext0:
 116              		.file 2 "c:\\program files (x86)\\cypress\\psoc creator\\4.4\\psoc creator\\import\\gnu\\arm\\5.4.
 117              		.file 3 "c:\\program files (x86)\\cypress\\psoc creator\\4.4\\psoc creator\\import\\gnu\\arm\\5.4.
 118              		.file 4 "Generated_Source\\PSoC5/UART.h"
 119              		.file 5 "Generated_Source\\PSoC5/LCD.h"
 120              		.file 6 "Generated_Source\\PSoC5/CyLib.h"
 121              		.file 7 "Generated_Source\\PSoC5/core_cm3.h"
 122              		.section	.debug_info,"",%progbits
 123              	.Ldebug_info0:
 124 0000 03020000 		.4byte	0x203
 125 0004 0400     		.2byte	0x4
 126 0006 00000000 		.4byte	.Ldebug_abbrev0
 127 000a 04       		.byte	0x4
 128 000b 01       		.uleb128 0x1
 129 000c 3A000000 		.4byte	.LASF22
 130 0010 0C       		.byte	0xc
ARM GAS  C:\Users\slavi\AppData\Local\Temp\ccAUhPSD.s 			page 4


 131 0011 2E000000 		.4byte	.LASF23
 132 0015 03010000 		.4byte	.LASF24
 133 0019 00000000 		.4byte	.Ldebug_ranges0+0
 134 001d 00000000 		.4byte	0
 135 0021 00000000 		.4byte	.Ldebug_line0
 136 0025 02       		.uleb128 0x2
 137 0026 01       		.byte	0x1
 138 0027 06       		.byte	0x6
 139 0028 9B010000 		.4byte	.LASF0
 140 002c 02       		.uleb128 0x2
 141 002d 01       		.byte	0x1
 142 002e 08       		.byte	0x8
 143 002f 4F010000 		.4byte	.LASF1
 144 0033 02       		.uleb128 0x2
 145 0034 02       		.byte	0x2
 146 0035 05       		.byte	0x5
 147 0036 C3010000 		.4byte	.LASF2
 148 003a 02       		.uleb128 0x2
 149 003b 02       		.byte	0x2
 150 003c 07       		.byte	0x7
 151 003d 0E000000 		.4byte	.LASF3
 152 0041 03       		.uleb128 0x3
 153 0042 B3010000 		.4byte	.LASF9
 154 0046 02       		.byte	0x2
 155 0047 3F       		.byte	0x3f
 156 0048 4C000000 		.4byte	0x4c
 157 004c 02       		.uleb128 0x2
 158 004d 04       		.byte	0x4
 159 004e 05       		.byte	0x5
 160 004f 62010000 		.4byte	.LASF4
 161 0053 02       		.uleb128 0x2
 162 0054 04       		.byte	0x4
 163 0055 07       		.byte	0x7
 164 0056 D0000000 		.4byte	.LASF5
 165 005a 02       		.uleb128 0x2
 166 005b 08       		.byte	0x8
 167 005c 05       		.byte	0x5
 168 005d 00000000 		.4byte	.LASF6
 169 0061 02       		.uleb128 0x2
 170 0062 08       		.byte	0x8
 171 0063 07       		.byte	0x7
 172 0064 E2000000 		.4byte	.LASF7
 173 0068 04       		.uleb128 0x4
 174 0069 04       		.byte	0x4
 175 006a 05       		.byte	0x5
 176 006b 696E7400 		.ascii	"int\000"
 177 006f 02       		.uleb128 0x2
 178 0070 04       		.byte	0x4
 179 0071 07       		.byte	0x7
 180 0072 21000000 		.4byte	.LASF8
 181 0076 03       		.uleb128 0x3
 182 0077 CD010000 		.4byte	.LASF10
 183 007b 03       		.byte	0x3
 184 007c 2C       		.byte	0x2c
 185 007d 41000000 		.4byte	0x41
 186 0081 02       		.uleb128 0x2
 187 0082 04       		.byte	0x4
ARM GAS  C:\Users\slavi\AppData\Local\Temp\ccAUhPSD.s 			page 5


 188 0083 04       		.byte	0x4
 189 0084 BD010000 		.4byte	.LASF11
 190 0088 02       		.uleb128 0x2
 191 0089 08       		.byte	0x8
 192 008a 04       		.byte	0x4
 193 008b 6B010000 		.4byte	.LASF12
 194 008f 02       		.uleb128 0x2
 195 0090 01       		.byte	0x1
 196 0091 08       		.byte	0x8
 197 0092 5D010000 		.4byte	.LASF13
 198 0096 02       		.uleb128 0x2
 199 0097 08       		.byte	0x8
 200 0098 04       		.byte	0x4
 201 0099 A7010000 		.4byte	.LASF14
 202 009d 02       		.uleb128 0x2
 203 009e 04       		.byte	0x4
 204 009f 07       		.byte	0x7
 205 00a0 D5010000 		.4byte	.LASF15
 206 00a4 05       		.uleb128 0x5
 207 00a5 35000000 		.4byte	.LASF25
 208 00a9 01       		.byte	0x1
 209 00aa 12       		.byte	0x12
 210 00ab 68000000 		.4byte	0x68
 211 00af 00000000 		.4byte	.LFB63
 212 00b3 60000000 		.4byte	.LFE63-.LFB63
 213 00b7 01       		.uleb128 0x1
 214 00b8 9C       		.byte	0x9c
 215 00b9 B3010000 		.4byte	0x1b3
 216 00bd 06       		.uleb128 0x6
 217 00be 08000000 		.4byte	.LVL0
 218 00c2 C4010000 		.4byte	0x1c4
 219 00c6 06       		.uleb128 0x6
 220 00c7 0C000000 		.4byte	.LVL1
 221 00cb CF010000 		.4byte	0x1cf
 222 00cf 07       		.uleb128 0x7
 223 00d0 14000000 		.4byte	.LVL2
 224 00d4 DA010000 		.4byte	0x1da
 225 00d8 E7000000 		.4byte	0xe7
 226 00dc 08       		.uleb128 0x8
 227 00dd 01       		.uleb128 0x1
 228 00de 50       		.byte	0x50
 229 00df 01       		.uleb128 0x1
 230 00e0 30       		.byte	0x30
 231 00e1 08       		.uleb128 0x8
 232 00e2 01       		.uleb128 0x1
 233 00e3 51       		.byte	0x51
 234 00e4 01       		.uleb128 0x1
 235 00e5 30       		.byte	0x30
 236 00e6 00       		.byte	0
 237 00e7 07       		.uleb128 0x7
 238 00e8 1A000000 		.4byte	.LVL3
 239 00ec E5010000 		.4byte	0x1e5
 240 00f0 FE000000 		.4byte	0xfe
 241 00f4 08       		.uleb128 0x8
 242 00f5 01       		.uleb128 0x1
 243 00f6 50       		.byte	0x50
 244 00f7 05       		.uleb128 0x5
ARM GAS  C:\Users\slavi\AppData\Local\Temp\ccAUhPSD.s 			page 6


 245 00f8 03       		.byte	0x3
 246 00f9 00000000 		.4byte	.LC0
 247 00fd 00       		.byte	0
 248 00fe 07       		.uleb128 0x7
 249 00ff 22000000 		.4byte	.LVL4
 250 0103 DA010000 		.4byte	0x1da
 251 0107 16010000 		.4byte	0x116
 252 010b 08       		.uleb128 0x8
 253 010c 01       		.uleb128 0x1
 254 010d 50       		.byte	0x50
 255 010e 01       		.uleb128 0x1
 256 010f 31       		.byte	0x31
 257 0110 08       		.uleb128 0x8
 258 0111 01       		.uleb128 0x1
 259 0112 51       		.byte	0x51
 260 0113 01       		.uleb128 0x1
 261 0114 30       		.byte	0x30
 262 0115 00       		.byte	0
 263 0116 07       		.uleb128 0x7
 264 0117 28000000 		.4byte	.LVL5
 265 011b E5010000 		.4byte	0x1e5
 266 011f 2D010000 		.4byte	0x12d
 267 0123 08       		.uleb128 0x8
 268 0124 01       		.uleb128 0x1
 269 0125 50       		.byte	0x50
 270 0126 05       		.uleb128 0x5
 271 0127 03       		.byte	0x3
 272 0128 0C000000 		.4byte	.LC1
 273 012c 00       		.byte	0
 274 012d 07       		.uleb128 0x7
 275 012e 30000000 		.4byte	.LVL6
 276 0132 DA010000 		.4byte	0x1da
 277 0136 45010000 		.4byte	0x145
 278 013a 08       		.uleb128 0x8
 279 013b 01       		.uleb128 0x1
 280 013c 50       		.byte	0x50
 281 013d 01       		.uleb128 0x1
 282 013e 31       		.byte	0x31
 283 013f 08       		.uleb128 0x8
 284 0140 01       		.uleb128 0x1
 285 0141 51       		.byte	0x51
 286 0142 01       		.uleb128 0x1
 287 0143 39       		.byte	0x39
 288 0144 00       		.byte	0
 289 0145 07       		.uleb128 0x7
 290 0146 36000000 		.4byte	.LVL7
 291 014a E5010000 		.4byte	0x1e5
 292 014e 5C010000 		.4byte	0x15c
 293 0152 08       		.uleb128 0x8
 294 0153 01       		.uleb128 0x1
 295 0154 50       		.byte	0x50
 296 0155 05       		.uleb128 0x5
 297 0156 03       		.byte	0x3
 298 0157 18000000 		.4byte	.LC2
 299 015b 00       		.byte	0
 300 015c 07       		.uleb128 0x7
 301 015d 3C000000 		.4byte	.LVL8
ARM GAS  C:\Users\slavi\AppData\Local\Temp\ccAUhPSD.s 			page 7


 302 0161 F0010000 		.4byte	0x1f0
 303 0165 73010000 		.4byte	0x173
 304 0169 08       		.uleb128 0x8
 305 016a 01       		.uleb128 0x1
 306 016b 50       		.byte	0x50
 307 016c 05       		.uleb128 0x5
 308 016d 03       		.byte	0x3
 309 016e 00000000 		.4byte	.LC0
 310 0172 00       		.byte	0
 311 0173 07       		.uleb128 0x7
 312 0174 42000000 		.4byte	.LVL9
 313 0178 F0010000 		.4byte	0x1f0
 314 017c 8A010000 		.4byte	0x18a
 315 0180 08       		.uleb128 0x8
 316 0181 01       		.uleb128 0x1
 317 0182 50       		.byte	0x50
 318 0183 05       		.uleb128 0x5
 319 0184 03       		.byte	0x3
 320 0185 0C000000 		.4byte	.LC1
 321 0189 00       		.byte	0
 322 018a 07       		.uleb128 0x7
 323 018b 48000000 		.4byte	.LVL10
 324 018f F0010000 		.4byte	0x1f0
 325 0193 A1010000 		.4byte	0x1a1
 326 0197 08       		.uleb128 0x8
 327 0198 01       		.uleb128 0x1
 328 0199 50       		.byte	0x50
 329 019a 05       		.uleb128 0x5
 330 019b 03       		.byte	0x3
 331 019c 18000000 		.4byte	.LC2
 332 01a0 00       		.byte	0
 333 01a1 09       		.uleb128 0x9
 334 01a2 50000000 		.4byte	.LVL11
 335 01a6 FB010000 		.4byte	0x1fb
 336 01aa 08       		.uleb128 0x8
 337 01ab 01       		.uleb128 0x1
 338 01ac 50       		.byte	0x50
 339 01ad 03       		.uleb128 0x3
 340 01ae 0A       		.byte	0xa
 341 01af E803     		.2byte	0x3e8
 342 01b1 00       		.byte	0
 343 01b2 00       		.byte	0
 344 01b3 0A       		.uleb128 0xa
 345 01b4 8E010000 		.4byte	.LASF26
 346 01b8 07       		.byte	0x7
 347 01b9 1207     		.2byte	0x712
 348 01bb BF010000 		.4byte	0x1bf
 349 01bf 0B       		.uleb128 0xb
 350 01c0 76000000 		.4byte	0x76
 351 01c4 0C       		.uleb128 0xc
 352 01c5 44010000 		.4byte	.LASF16
 353 01c9 44010000 		.4byte	.LASF16
 354 01cd 04       		.byte	0x4
 355 01ce 54       		.byte	0x54
 356 01cf 0C       		.uleb128 0xc
 357 01d0 F9000000 		.4byte	.LASF17
 358 01d4 F9000000 		.4byte	.LASF17
ARM GAS  C:\Users\slavi\AppData\Local\Temp\ccAUhPSD.s 			page 8


 359 01d8 05       		.byte	0x5
 360 01d9 38       		.byte	0x38
 361 01da 0C       		.uleb128 0xc
 362 01db 72010000 		.4byte	.LASF18
 363 01df 72010000 		.4byte	.LASF18
 364 01e3 05       		.byte	0x5
 365 01e4 3D       		.byte	0x3d
 366 01e5 0C       		.uleb128 0xc
 367 01e6 DE010000 		.4byte	.LASF19
 368 01ea DE010000 		.4byte	.LASF19
 369 01ee 05       		.byte	0x5
 370 01ef 3C       		.byte	0x3c
 371 01f0 0C       		.uleb128 0xc
 372 01f1 7F010000 		.4byte	.LASF20
 373 01f5 7F010000 		.4byte	.LASF20
 374 01f9 04       		.byte	0x4
 375 01fa 8B       		.byte	0x8b
 376 01fb 0C       		.uleb128 0xc
 377 01fc C8000000 		.4byte	.LASF21
 378 0200 C8000000 		.4byte	.LASF21
 379 0204 06       		.byte	0x6
 380 0205 76       		.byte	0x76
 381 0206 00       		.byte	0
 382              		.section	.debug_abbrev,"",%progbits
 383              	.Ldebug_abbrev0:
 384 0000 01       		.uleb128 0x1
 385 0001 11       		.uleb128 0x11
 386 0002 01       		.byte	0x1
 387 0003 25       		.uleb128 0x25
 388 0004 0E       		.uleb128 0xe
 389 0005 13       		.uleb128 0x13
 390 0006 0B       		.uleb128 0xb
 391 0007 03       		.uleb128 0x3
 392 0008 0E       		.uleb128 0xe
 393 0009 1B       		.uleb128 0x1b
 394 000a 0E       		.uleb128 0xe
 395 000b 55       		.uleb128 0x55
 396 000c 17       		.uleb128 0x17
 397 000d 11       		.uleb128 0x11
 398 000e 01       		.uleb128 0x1
 399 000f 10       		.uleb128 0x10
 400 0010 17       		.uleb128 0x17
 401 0011 00       		.byte	0
 402 0012 00       		.byte	0
 403 0013 02       		.uleb128 0x2
 404 0014 24       		.uleb128 0x24
 405 0015 00       		.byte	0
 406 0016 0B       		.uleb128 0xb
 407 0017 0B       		.uleb128 0xb
 408 0018 3E       		.uleb128 0x3e
 409 0019 0B       		.uleb128 0xb
 410 001a 03       		.uleb128 0x3
 411 001b 0E       		.uleb128 0xe
 412 001c 00       		.byte	0
 413 001d 00       		.byte	0
 414 001e 03       		.uleb128 0x3
 415 001f 16       		.uleb128 0x16
ARM GAS  C:\Users\slavi\AppData\Local\Temp\ccAUhPSD.s 			page 9


 416 0020 00       		.byte	0
 417 0021 03       		.uleb128 0x3
 418 0022 0E       		.uleb128 0xe
 419 0023 3A       		.uleb128 0x3a
 420 0024 0B       		.uleb128 0xb
 421 0025 3B       		.uleb128 0x3b
 422 0026 0B       		.uleb128 0xb
 423 0027 49       		.uleb128 0x49
 424 0028 13       		.uleb128 0x13
 425 0029 00       		.byte	0
 426 002a 00       		.byte	0
 427 002b 04       		.uleb128 0x4
 428 002c 24       		.uleb128 0x24
 429 002d 00       		.byte	0
 430 002e 0B       		.uleb128 0xb
 431 002f 0B       		.uleb128 0xb
 432 0030 3E       		.uleb128 0x3e
 433 0031 0B       		.uleb128 0xb
 434 0032 03       		.uleb128 0x3
 435 0033 08       		.uleb128 0x8
 436 0034 00       		.byte	0
 437 0035 00       		.byte	0
 438 0036 05       		.uleb128 0x5
 439 0037 2E       		.uleb128 0x2e
 440 0038 01       		.byte	0x1
 441 0039 3F       		.uleb128 0x3f
 442 003a 19       		.uleb128 0x19
 443 003b 03       		.uleb128 0x3
 444 003c 0E       		.uleb128 0xe
 445 003d 3A       		.uleb128 0x3a
 446 003e 0B       		.uleb128 0xb
 447 003f 3B       		.uleb128 0x3b
 448 0040 0B       		.uleb128 0xb
 449 0041 27       		.uleb128 0x27
 450 0042 19       		.uleb128 0x19
 451 0043 49       		.uleb128 0x49
 452 0044 13       		.uleb128 0x13
 453 0045 8701     		.uleb128 0x87
 454 0047 19       		.uleb128 0x19
 455 0048 11       		.uleb128 0x11
 456 0049 01       		.uleb128 0x1
 457 004a 12       		.uleb128 0x12
 458 004b 06       		.uleb128 0x6
 459 004c 40       		.uleb128 0x40
 460 004d 18       		.uleb128 0x18
 461 004e 9742     		.uleb128 0x2117
 462 0050 19       		.uleb128 0x19
 463 0051 01       		.uleb128 0x1
 464 0052 13       		.uleb128 0x13
 465 0053 00       		.byte	0
 466 0054 00       		.byte	0
 467 0055 06       		.uleb128 0x6
 468 0056 898201   		.uleb128 0x4109
 469 0059 00       		.byte	0
 470 005a 11       		.uleb128 0x11
 471 005b 01       		.uleb128 0x1
 472 005c 31       		.uleb128 0x31
ARM GAS  C:\Users\slavi\AppData\Local\Temp\ccAUhPSD.s 			page 10


 473 005d 13       		.uleb128 0x13
 474 005e 00       		.byte	0
 475 005f 00       		.byte	0
 476 0060 07       		.uleb128 0x7
 477 0061 898201   		.uleb128 0x4109
 478 0064 01       		.byte	0x1
 479 0065 11       		.uleb128 0x11
 480 0066 01       		.uleb128 0x1
 481 0067 31       		.uleb128 0x31
 482 0068 13       		.uleb128 0x13
 483 0069 01       		.uleb128 0x1
 484 006a 13       		.uleb128 0x13
 485 006b 00       		.byte	0
 486 006c 00       		.byte	0
 487 006d 08       		.uleb128 0x8
 488 006e 8A8201   		.uleb128 0x410a
 489 0071 00       		.byte	0
 490 0072 02       		.uleb128 0x2
 491 0073 18       		.uleb128 0x18
 492 0074 9142     		.uleb128 0x2111
 493 0076 18       		.uleb128 0x18
 494 0077 00       		.byte	0
 495 0078 00       		.byte	0
 496 0079 09       		.uleb128 0x9
 497 007a 898201   		.uleb128 0x4109
 498 007d 01       		.byte	0x1
 499 007e 11       		.uleb128 0x11
 500 007f 01       		.uleb128 0x1
 501 0080 31       		.uleb128 0x31
 502 0081 13       		.uleb128 0x13
 503 0082 00       		.byte	0
 504 0083 00       		.byte	0
 505 0084 0A       		.uleb128 0xa
 506 0085 34       		.uleb128 0x34
 507 0086 00       		.byte	0
 508 0087 03       		.uleb128 0x3
 509 0088 0E       		.uleb128 0xe
 510 0089 3A       		.uleb128 0x3a
 511 008a 0B       		.uleb128 0xb
 512 008b 3B       		.uleb128 0x3b
 513 008c 05       		.uleb128 0x5
 514 008d 49       		.uleb128 0x49
 515 008e 13       		.uleb128 0x13
 516 008f 3F       		.uleb128 0x3f
 517 0090 19       		.uleb128 0x19
 518 0091 3C       		.uleb128 0x3c
 519 0092 19       		.uleb128 0x19
 520 0093 00       		.byte	0
 521 0094 00       		.byte	0
 522 0095 0B       		.uleb128 0xb
 523 0096 35       		.uleb128 0x35
 524 0097 00       		.byte	0
 525 0098 49       		.uleb128 0x49
 526 0099 13       		.uleb128 0x13
 527 009a 00       		.byte	0
 528 009b 00       		.byte	0
 529 009c 0C       		.uleb128 0xc
ARM GAS  C:\Users\slavi\AppData\Local\Temp\ccAUhPSD.s 			page 11


 530 009d 2E       		.uleb128 0x2e
 531 009e 00       		.byte	0
 532 009f 3F       		.uleb128 0x3f
 533 00a0 19       		.uleb128 0x19
 534 00a1 3C       		.uleb128 0x3c
 535 00a2 19       		.uleb128 0x19
 536 00a3 6E       		.uleb128 0x6e
 537 00a4 0E       		.uleb128 0xe
 538 00a5 03       		.uleb128 0x3
 539 00a6 0E       		.uleb128 0xe
 540 00a7 3A       		.uleb128 0x3a
 541 00a8 0B       		.uleb128 0xb
 542 00a9 3B       		.uleb128 0x3b
 543 00aa 0B       		.uleb128 0xb
 544 00ab 00       		.byte	0
 545 00ac 00       		.byte	0
 546 00ad 00       		.byte	0
 547              		.section	.debug_aranges,"",%progbits
 548 0000 1C000000 		.4byte	0x1c
 549 0004 0200     		.2byte	0x2
 550 0006 00000000 		.4byte	.Ldebug_info0
 551 000a 04       		.byte	0x4
 552 000b 00       		.byte	0
 553 000c 0000     		.2byte	0
 554 000e 0000     		.2byte	0
 555 0010 00000000 		.4byte	.LFB63
 556 0014 60000000 		.4byte	.LFE63-.LFB63
 557 0018 00000000 		.4byte	0
 558 001c 00000000 		.4byte	0
 559              		.section	.debug_ranges,"",%progbits
 560              	.Ldebug_ranges0:
 561 0000 00000000 		.4byte	.LFB63
 562 0004 60000000 		.4byte	.LFE63
 563 0008 00000000 		.4byte	0
 564 000c 00000000 		.4byte	0
 565              		.section	.debug_line,"",%progbits
 566              	.Ldebug_line0:
 567 0000 8F010000 		.section	.debug_str,"MS",%progbits,1
 567      02005D01 
 567      00000201 
 567      FB0E0D00 
 567      01010101 
 568              	.LASF6:
 569 0000 6C6F6E67 		.ascii	"long long int\000"
 569      206C6F6E 
 569      6720696E 
 569      7400
 570              	.LASF3:
 571 000e 73686F72 		.ascii	"short unsigned int\000"
 571      7420756E 
 571      7369676E 
 571      65642069 
 571      6E7400
 572              	.LASF8:
 573 0021 756E7369 		.ascii	"unsigned int\000"
 573      676E6564 
 573      20696E74 
ARM GAS  C:\Users\slavi\AppData\Local\Temp\ccAUhPSD.s 			page 12


 573      00
 574              	.LASF23:
 575 002e 6D61696E 		.ascii	"main.c\000"
 575      2E6300
 576              	.LASF25:
 577 0035 6D61696E 		.ascii	"main\000"
 577      00
 578              	.LASF22:
 579 003a 474E5520 		.ascii	"GNU C11 5.4.1 20160609 (release) [ARM/embedded-5-br"
 579      43313120 
 579      352E342E 
 579      31203230 
 579      31363036 
 580 006d 616E6368 		.ascii	"anch revision 237715] -mcpu=cortex-m3 -mthumb -g -O"
 580      20726576 
 580      6973696F 
 580      6E203233 
 580      37373135 
 581 00a0 67202D66 		.ascii	"g -ffunction-sections -ffat-lto-objects\000"
 581      66756E63 
 581      74696F6E 
 581      2D736563 
 581      74696F6E 
 582              	.LASF21:
 583 00c8 43794465 		.ascii	"CyDelay\000"
 583      6C617900 
 584              	.LASF5:
 585 00d0 6C6F6E67 		.ascii	"long unsigned int\000"
 585      20756E73 
 585      69676E65 
 585      6420696E 
 585      7400
 586              	.LASF7:
 587 00e2 6C6F6E67 		.ascii	"long long unsigned int\000"
 587      206C6F6E 
 587      6720756E 
 587      7369676E 
 587      65642069 
 588              	.LASF17:
 589 00f9 4C43445F 		.ascii	"LCD_Start\000"
 589      53746172 
 589      7400
 590              	.LASF24:
 591 0103 433A5C55 		.ascii	"C:\\Users\\slavi\\Documents\\PSoC Creator\\Workspac"
 591      73657273 
 591      5C736C61 
 591      76695C44 
 591      6F63756D 
 592 0131 6530315C 		.ascii	"e01\\Design02.cydsn\000"
 592      44657369 
 592      676E3032 
 592      2E637964 
 592      736E00
 593              	.LASF16:
 594 0144 55415254 		.ascii	"UART_Start\000"
 594      5F537461 
 594      727400
ARM GAS  C:\Users\slavi\AppData\Local\Temp\ccAUhPSD.s 			page 13


 595              	.LASF1:
 596 014f 756E7369 		.ascii	"unsigned char\000"
 596      676E6564 
 596      20636861 
 596      7200
 597              	.LASF13:
 598 015d 63686172 		.ascii	"char\000"
 598      00
 599              	.LASF4:
 600 0162 6C6F6E67 		.ascii	"long int\000"
 600      20696E74 
 600      00
 601              	.LASF12:
 602 016b 646F7562 		.ascii	"double\000"
 602      6C6500
 603              	.LASF18:
 604 0172 4C43445F 		.ascii	"LCD_Position\000"
 604      506F7369 
 604      74696F6E 
 604      00
 605              	.LASF20:
 606 017f 55415254 		.ascii	"UART_PutString\000"
 606      5F507574 
 606      53747269 
 606      6E6700
 607              	.LASF26:
 608 018e 49544D5F 		.ascii	"ITM_RxBuffer\000"
 608      52784275 
 608      66666572 
 608      00
 609              	.LASF0:
 610 019b 7369676E 		.ascii	"signed char\000"
 610      65642063 
 610      68617200 
 611              	.LASF14:
 612 01a7 6C6F6E67 		.ascii	"long double\000"
 612      20646F75 
 612      626C6500 
 613              	.LASF9:
 614 01b3 5F5F696E 		.ascii	"__int32_t\000"
 614      7433325F 
 614      7400
 615              	.LASF11:
 616 01bd 666C6F61 		.ascii	"float\000"
 616      7400
 617              	.LASF2:
 618 01c3 73686F72 		.ascii	"short int\000"
 618      7420696E 
 618      7400
 619              	.LASF10:
 620 01cd 696E7433 		.ascii	"int32_t\000"
 620      325F7400 
 621              	.LASF15:
 622 01d5 73697A65 		.ascii	"sizetype\000"
 622      74797065 
 622      00
 623              	.LASF19:
ARM GAS  C:\Users\slavi\AppData\Local\Temp\ccAUhPSD.s 			page 14


 624 01de 4C43445F 		.ascii	"LCD_PrintString\000"
 624      5072696E 
 624      74537472 
 624      696E6700 
 625              		.ident	"GCC: (GNU Tools for ARM Embedded Processors) 5.4.1 20160609 (release) [ARM/embedded-5-bran
